# JRE version: Java(TM) SE Runtime Environment (8.0_91-b14) (build 1.8.0_91-b14)
# Java VM: Java HotSpot(TM) 64-Bit Server VM (25.91-b14 mixed mode windows-amd64 compressed oops)
Heap:
 PSYoungGen      total 232960K, used 57629K [0x00000000eab00000, 0x0000000100000000, 0x0000000100000000)
  eden space 116736K, 33% used [0x00000000eab00000,0x00000000ed1bf630,0x00000000f1d00000)
  from space 116224K, 15% used [0x00000000f1d00000,0x00000000f2e88010,0x00000000f8e80000)
  to   space 116224K, 0% used [0x00000000f8e80000,0x00000000f8e80000,0x0000000100000000)
 ParOldGen       total 255488K, used 191005K [0x00000000c0000000, 0x00000000cf980000, 0x00000000eab00000)
  object space 255488K, 74% used [0x00000000c0000000,0x00000000cba87560,0x00000000cf980000)
 Metaspace       used 6864K, capacity 7608K, committed 7936K, reserved 1056768K
  class space    used 642K, capacity 688K, committed 768K, reserved 1048576K
GC Heap History (10 events):
Event: 23.118 GC heap before
{Heap before GC invocations=22 (full 5):
 PSYoungGen      total 232960K, used 48685K [0x00000000eab00000, 0x0000000100000000, 0x0000000100000000)
  eden space 116736K, 0% used [0x00000000eab00000,0x00000000eab00000,0x00000000f1d00000)
  from space 116224K, 41% used [0x00000000f1d00000,0x00000000f4c8b598,0x00000000f8e80000)
  to   space 116224K, 0% used [0x00000000f8e80000,0x00000000f8e80000,0x0000000100000000)
 ParOldGen       total 194560K, used 183469K [0x00000000c0000000, 0x00000000cbe00000, 0x00000000eab00000)
  object space 194560K, 94% used [0x00000000c0000000,0x00000000cb32b770,0x00000000cbe00000)
 Metaspace       used 6445K, capacity 7256K, committed 7424K, reserved 1056768K
  class space    used 620K, capacity 656K, committed 768K, reserved 1048576K
Event: 23.984 GC heap after
Heap after GC invocations=22 (full 5):
 PSYoungGen      total 232960K, used 0K [0x00000000eab00000, 0x0000000100000000, 0x0000000100000000)
  eden space 116736K, 0% used [0x00000000eab00000,0x00000000eab00000,0x00000000f1d00000)
  from space 116224K, 0% used [0x00000000f1d00000,0x00000000f1d00000,0x00000000f8e80000)
  to   space 116224K, 0% used [0x00000000f8e80000,0x00000000f8e80000,0x0000000100000000)
 ParOldGen       total 255488K, used 111729K [0x00000000c0000000, 0x00000000cf980000, 0x00000000eab00000)
  object space 255488K, 43% used [0x00000000c0000000,0x00000000c6d1c6f8,0x00000000cf980000)
 Metaspace       used 6445K, capacity 7256K, committed 7424K, reserved 1056768K
  class space    used 620K, capacity 656K, committed 768K, reserved 1048576K
}
Event: 25.396 GC heap before
{Heap before GC invocations=23 (full 5):
 PSYoungGen      total 232960K, used 116736K [0x00000000eab00000, 0x0000000100000000, 0x0000000100000000)
  eden space 116736K, 100% used [0x00000000eab00000,0x00000000f1d00000,0x00000000f1d00000)
  from space 116224K, 0% used [0x00000000f1d00000,0x00000000f1d00000,0x00000000f8e80000)
  to   space 116224K, 0% used [0x00000000f8e80000,0x00000000f8e80000,0x0000000100000000)
 ParOldGen       total 255488K, used 111729K [0x00000000c0000000, 0x00000000cf980000, 0x00000000eab00000)
  object space 255488K, 43% used [0x00000000c0000000,0x00000000c6d1c6f8,0x00000000cf980000)
 Metaspace       used 6451K, capacity 7256K, committed 7424K, reserved 1056768K
  class space    used 620K, capacity 656K, committed 768K, reserved 1048576K
Event: 25.790 GC heap after
Heap after GC invocations=23 (full 5):
 PSYoungGen      total 232960K, used 51320K [0x00000000eab00000, 0x0000000100000000, 0x0000000100000000)
  eden space 116736K, 0% used [0x00000000eab00000,0x00000000eab00000,0x00000000f1d00000)
  from space 116224K, 44% used [0x00000000f8e80000,0x00000000fc09e060,0x0000000100000000)
  to   space 116224K, 0% used [0x00000000f1d00000,0x00000000f1d00000,0x00000000f8e80000)
 ParOldGen       total 255488K, used 111729K [0x00000000c0000000, 0x00000000cf980000, 0x00000000eab00000)
  object space 255488K, 43% used [0x00000000c0000000,0x00000000c6d1c6f8,0x00000000cf980000)
 Metaspace       used 6451K, capacity 7256K, committed 7424K, reserved 1056768K
  class space    used 620K, capacity 656K, committed 768K, reserved 1048576K
}
Event: 26.037 GC heap before
{Heap before GC invocations=24 (full 5):
 PSYoungGen      total 232960K, used 168056K [0x00000000eab00000, 0x0000000100000000, 0x0000000100000000)
  eden space 116736K, 100% used [0x00000000eab00000,0x00000000f1d00000,0x00000000f1d00000)
  from space 116224K, 44% used [0x00000000f8e80000,0x00000000fc09e060,0x0000000100000000)
  to   space 116224K, 0% used [0x00000000f1d00000,0x00000000f1d00000,0x00000000f8e80000)
 ParOldGen       total 255488K, used 111729K [0x00000000c0000000, 0x00000000cf980000, 0x00000000eab00000)
  object space 255488K, 43% used [0x00000000c0000000,0x00000000c6d1c6f8,0x00000000cf980000)
 Metaspace       used 6454K, capacity 7256K, committed 7424K, reserved 1056768K
  class space    used 620K, capacity 656K, committed 768K, reserved 1048576K
Event: 26.152 GC heap after
Heap after GC invocations=24 (full 5):
 PSYoungGen      total 232960K, used 44016K [0x00000000eab00000, 0x0000000100000000, 0x0000000100000000)
  eden space 116736K, 0% used [0x00000000eab00000,0x00000000eab00000,0x00000000f1d00000)
  from space 116224K, 37% used [0x00000000f1d00000,0x00000000f47fc018,0x00000000f8e80000)
  to   space 116224K, 0% used [0x00000000f8e80000,0x00000000f8e80000,0x0000000100000000)
 ParOldGen       total 255488K, used 162650K [0x00000000c0000000, 0x00000000cf980000, 0x00000000eab00000)
  object space 255488K, 63% used [0x00000000c0000000,0x00000000c9ed6ba0,0x00000000cf980000)
 Metaspace       used 6454K, capacity 7256K, committed 7424K, reserved 1056768K
  class space    used 620K, capacity 656K, committed 768K, reserved 1048576K
}
Event: 28.744 GC heap before
{Heap before GC invocations=25 (full 5):
 PSYoungGen      total 232960K, used 160752K [0x00000000eab00000, 0x0000000100000000, 0x0000000100000000)
  eden space 116736K, 100% used [0x00000000eab00000,0x00000000f1d00000,0x00000000f1d00000)
  from space 116224K, 37% used [0x00000000f1d00000,0x00000000f47fc018,0x00000000f8e80000)
  to   space 116224K, 0% used [0x00000000f8e80000,0x00000000f8e80000,0x0000000100000000)
 ParOldGen       total 255488K, used 162650K [0x00000000c0000000, 0x00000000cf980000, 0x00000000eab00000)
  object space 255488K, 63% used [0x00000000c0000000,0x00000000c9ed6ba0,0x00000000cf980000)
 Metaspace       used 6456K, capacity 7256K, committed 7424K, reserved 1056768K
  class space    used 620K, capacity 656K, committed 768K, reserved 1048576K
Event: 28.789 GC heap after
Heap after GC invocations=25 (full 5):
 PSYoungGen      total 232960K, used 22495K [0x00000000eab00000, 0x0000000100000000, 0x0000000100000000)
  eden space 116736K, 0% used [0x00000000eab00000,0x00000000eab00000,0x00000000f1d00000)
  from space 116224K, 19% used [0x00000000f8e80000,0x00000000fa477d78,0x0000000100000000)
  to   space 116224K, 0% used [0x00000000f1d00000,0x00000000f1d00000,0x00000000f8e80000)
 ParOldGen       total 255488K, used 168869K [0x00000000c0000000, 0x00000000cf980000, 0x00000000eab00000)
  object space 255488K, 66% used [0x00000000c0000000,0x00000000ca4e9558,0x00000000cf980000)
 Metaspace       used 6456K, capacity 7256K, committed 7424K, reserved 1056768K
  class space    used 620K, capacity 656K, committed 768K, reserved 1048576K
}
Event: 32.458 GC heap before
{Heap before GC invocations=26 (full 5):
 PSYoungGen      total 232960K, used 139231K [0x00000000eab00000, 0x0000000100000000, 0x0000000100000000)
  eden space 116736K, 100% used [0x00000000eab00000,0x00000000f1d00000,0x00000000f1d00000)
  from space 116224K, 19% used [0x00000000f8e80000,0x00000000fa477d78,0x0000000100000000)
  to   space 116224K, 0% used [0x00000000f1d00000,0x00000000f1d00000,0x00000000f8e80000)
 ParOldGen       total 255488K, used 168869K [0x00000000c0000000, 0x00000000cf980000, 0x00000000eab00000)
  object space 255488K, 66% used [0x00000000c0000000,0x00000000ca4e9558,0x00000000cf980000)
 Metaspace       used 6466K, capacity 7256K, committed 7424K, reserved 1056768K
  class space    used 621K, capacity 656K, committed 768K, reserved 1048576K
Event: 32.570 GC heap after
Heap after GC invocations=26 (full 5):
 PSYoungGen      total 232960K, used 17952K [0x00000000eab00000, 0x0000000100000000, 0x0000000100000000)
  eden space 116736K, 0% used [0x00000000eab00000,0x00000000eab00000,0x00000000f1d00000)
  from space 116224K, 15% used [0x00000000f1d00000,0x00000000f2e88010,0x00000000f8e80000)
  to   space 116224K, 0% used [0x00000000f8e80000,0x00000000f8e80000,0x0000000100000000)
 ParOldGen       total 255488K, used 191005K [0x00000000c0000000, 0x00000000cf980000, 0x00000000eab00000)
  object space 255488K, 74% used [0x00000000c0000000,0x00000000cba87560,0x00000000cf980000)
 Metaspace       used 6466K, capacity 7256K, committed 7424K, reserved 1056768K
  class space    used 621K, capacity 656K, committed 768K, reserved 1048576K
}

